<?xml version="1.0" encoding="UTF-8"?>
<!-- Generated by org.testng.reporters.JUnitXMLReporter -->
<testsuite ignored="2" hostname="3I-PC0CF90C" failures="0" tests="0" time="0.003" errors="0" timestamp="2023-08-25T15:53:59 IST">
  <testcase classname="StepDefinations.TC03_login_with_valide_credentials_and_place_orders" name="placeOrderTest" time="0.0">
    <ignored/>
  </testcase> <!-- placeOrderTest -->
  <testcase classname="StepDefinations.TC03_login_with_valide_credentials_and_place_orders" name="orderHistryVerification" time="0.0">
    <ignored/>
  </testcase> <!-- orderHistryVerification -->
</testsuite>
