<?xml version="1.0" encoding="UTF-8"?>
<!-- Generated by org.testng.reporters.JUnitXMLReporter -->
<testsuite ignored="0" hostname="3I-PC0CF90C" failures="0" tests="4" name="Test" time="57.387" errors="0" timestamp="2023-08-25T18:08:14 IST">
  <testcase classname="StepDefinations.TC03_login_with_valide_credentials_and_place_orders" name="placeOrderTest" time="10.594"/>
  <testcase classname="StepDefinations.TC03_login_with_valide_credentials_and_place_orders" name="placeOrderTest" time="10.79"/>
  <testcase classname="StepDefinations.TC03_login_with_valide_credentials_and_place_orders" name="orderHistryVerification" time="1.117"/>
  <testcase classname="StepDefinations.TC03_login_with_valide_credentials_and_place_orders" name="orderHistryVerification" time="1.068"/>
</testsuite> <!-- Test -->
