<?xml version="1.0" encoding="UTF-8"?>
<!-- Generated by org.testng.reporters.JUnitXMLReporter -->
<testsuite ignored="0" hostname="3I-PC0CF90C" failures="0" tests="4" name="Test" time="58.978" errors="0" timestamp="2023-08-25T18:49:50 IST">
  <testcase classname="StepDefinations.TC03_login_with_valide_credentials_and_place_orders" name="placeOrderTest" time="10.774"/>
  <testcase classname="StepDefinations.TC03_login_with_valide_credentials_and_place_orders" name="placeOrderTest" time="10.784"/>
  <testcase classname="StepDefinations.TC03_login_with_valide_credentials_and_place_orders" name="orderHistryVerification" time="1.358"/>
  <testcase classname="StepDefinations.TC03_login_with_valide_credentials_and_place_orders" name="orderHistryVerification" time="1.261"/>
</testsuite> <!-- Test -->
